Release 14.7 - xst P.20131013 (nt64)
Copyright (c) 1995-2013 Xilinx, Inc.  All rights reserved.
--> Parameter TMPDIR set to xst/projnav.tmp


Total REAL time to Xst completion: 0.00 secs
Total CPU time to Xst completion: 0.13 secs
 
--> Parameter xsthdpdir set to xst


Total REAL time to Xst completion: 0.00 secs
Total CPU time to Xst completion: 0.13 secs
 
--> Reading design: DeScrambler.prj

TABLE OF CONTENTS
  1) Synthesis Options Summary
  2) HDL Parsing
  3) HDL Elaboration
  4) HDL Synthesis
       4.1) HDL Synthesis Report
  5) Advanced HDL Synthesis
       5.1) Advanced HDL Synthesis Report
  6) Low Level Synthesis
  7) Partition Report
  8) Design Summary
       8.1) Primitive and Black Box Usage
       8.2) Device utilization summary
       8.3) Partition Resource Summary
       8.4) Timing Report
            8.4.1) Clock Information
            8.4.2) Asynchronous Control Signals Information
            8.4.3) Timing Summary
            8.4.4) Timing Details
            8.4.5) Cross Clock Domains Report


=========================================================================
*                      Synthesis Options Summary                        *
=========================================================================
---- Source Parameters
Input File Name                    : "DeScrambler.prj"
Ignore Synthesis Constraint File   : NO

---- Target Parameters
Output File Name                   : "DeScrambler"
Output Format                      : NGC
Target Device                      : xc6vcx75t-2-ff484

---- Source Options
Top Module Name                    : DeScrambler
Automatic FSM Extraction           : YES
FSM Encoding Algorithm             : Auto
Safe Implementation                : No
FSM Style                          : LUT
RAM Extraction                     : Yes
RAM Style                          : Auto
ROM Extraction                     : Yes
Shift Register Extraction          : YES
ROM Style                          : Auto
Resource Sharing                   : YES
Asynchronous To Synchronous        : NO
Shift Register Minimum Size        : 2
Use DSP Block                      : Auto
Automatic Register Balancing       : No

---- Target Options
LUT Combining                      : Auto
Reduce Control Sets                : Auto
Add IO Buffers                     : YES
Global Maximum Fanout              : 100000
Add Generic Clock Buffer(BUFG)     : 16
Register Duplication               : YES
Optimize Instantiated Primitives   : NO
Use Clock Enable                   : Auto
Use Synchronous Set                : Auto
Use Synchronous Reset              : Auto
Pack IO Registers into IOBs        : Auto
Equivalent register Removal        : YES

---- General Options
Optimization Goal                  : Speed
Optimization Effort                : 1
Power Reduction                    : NO
Keep Hierarchy                     : No
Netlist Hierarchy                  : As_Optimized
RTL Output                         : Yes
Global Optimization                : AllClockNets
Read Cores                         : YES
Write Timing Constraints           : NO
Cross Clock Analysis               : NO
Hierarchy Separator                : /
Bus Delimiter                      : <>
Case Specifier                     : Maintain
Slice Utilization Ratio            : 100
BRAM Utilization Ratio             : 100
DSP48 Utilization Ratio            : 100
Auto BRAM Packing                  : NO
Slice Utilization Ratio Delta      : 5

=========================================================================


=========================================================================
*                          HDL Parsing                                  *
=========================================================================
Analyzing Verilog file "D:\HW\FPGA\Project\Phase 1\Verilog\DeScrambler.v" into library work
Parsing module <DeScrambler>.

=========================================================================
*                            HDL Elaboration                            *
=========================================================================

Elaborating module <DeScrambler>.

=========================================================================
*                           HDL Synthesis                               *
=========================================================================

Synthesizing Unit <DeScrambler>.
    Related source file is "D:\HW\FPGA\Project\Phase 1\Verilog\DeScrambler.v".
    Found 4-bit register for signal <Counter>.
    Found 7-bit register for signal <Seed>.
    Found 1-bit register for signal <f>.
    Found 7-bit register for signal <ShSeed>.
    Found 4-bit adder for signal <Counter[3]_GND_1_o_add_7_OUT> created at line 46.
    Found 4-bit comparator greater for signal <GND_1_o_Counter[3]_LessThan_1_o> created at line 27
    Summary:
	inferred   1 Adder/Subtractor(s).
	inferred  19 D-type flip-flop(s).
	inferred   1 Comparator(s).
	inferred   4 Multiplexer(s).
Unit <DeScrambler> synthesized.

=========================================================================
HDL Synthesis Report

Macro Statistics
# Adders/Subtractors                                   : 1
 4-bit adder                                           : 1
# Registers                                            : 4
 1-bit register                                        : 1
 4-bit register                                        : 1
 7-bit register                                        : 2
# Comparators                                          : 1
 4-bit comparator greater                              : 1
# Multiplexers                                         : 4
 1-bit 2-to-1 multiplexer                              : 2
 7-bit 2-to-1 multiplexer                              : 2
# Xors                                                 : 14
 1-bit xor2                                            : 14

=========================================================================

=========================================================================
*                       Advanced HDL Synthesis                          *
=========================================================================


Synthesizing (advanced) Unit <DeScrambler>.
The following registers are absorbed into counter <Counter>: 1 register on signal <Counter>.
Unit <DeScrambler> synthesized (advanced).

=========================================================================
Advanced HDL Synthesis Report

Macro Statistics
# Counters                                             : 1
 4-bit up counter                                      : 1
# Registers                                            : 15
 Flip-Flops                                            : 15
# Comparators                                          : 1
 4-bit comparator greater                              : 1
# Multiplexers                                         : 10
 1-bit 2-to-1 multiplexer                              : 9
 7-bit 2-to-1 multiplexer                              : 1
# Xors                                                 : 14
 1-bit xor2                                            : 14

=========================================================================

=========================================================================
*                         Low Level Synthesis                           *
=========================================================================

Optimizing unit <DeScrambler> ...
INFO:Xst:2261 - The FF/Latch <f> in Unit <DeScrambler> is equivalent to the following FF/Latch, which will be removed : <Counter_3> 

Mapping all equations...
Building and optimizing final netlist ...
Found area constraint ratio of 100 (+ 5) on block DeScrambler, actual ratio is 0.

Final Macro Processing ...

=========================================================================
Final Register Report

Macro Statistics
# Registers                                            : 18
 Flip-Flops                                            : 18

=========================================================================

=========================================================================
*                           Partition Report                            *
=========================================================================

Partition Implementation Status
-------------------------------

  No Partitions were found in this design.

-------------------------------

=========================================================================
*                            Design Summary                             *
=========================================================================

Top Level Output File Name         : DeScrambler.ngc

Primitive and Black Box Usage:
------------------------------
# BELS                             : 25
#      INV                         : 1
#      LUT2                        : 3
#      LUT3                        : 2
#      LUT4                        : 2
#      LUT5                        : 15
#      LUT6                        : 2
# FlipFlops/Latches                : 18
#      FDR                         : 8
#      FDRE                        : 10
# Clock Buffers                    : 1
#      BUFGP                       : 1
# IO Buffers                       : 4
#      IBUF                        : 3
#      OBUF                        : 1

Device utilization summary:
---------------------------

Selected Device : 6vcx75tff484-2 


Slice Logic Utilization: 
 Number of Slice Registers:              18  out of  93120     0%  
 Number of Slice LUTs:                   25  out of  46560     0%  
    Number used as Logic:                25  out of  46560     0%  

Slice Logic Distribution: 
 Number of LUT Flip Flop pairs used:     25
   Number with an unused Flip Flop:       7  out of     25    28%  
   Number with an unused LUT:             0  out of     25     0%  
   Number of fully used LUT-FF pairs:    18  out of     25    72%  
   Number of unique control sets:         3

IO Utilization: 
 Number of IOs:                           5
 Number of bonded IOBs:                   5  out of    240     2%  

Specific Feature Utilization:
 Number of BUFG/BUFGCTRLs:                1  out of     32     3%  

---------------------------
Partition Resource Summary:
---------------------------

  No Partitions were found in this design.

---------------------------


=========================================================================
Timing Report

NOTE: THESE TIMING NUMBERS ARE ONLY A SYNTHESIS ESTIMATE.
      FOR ACCURATE TIMING INFORMATION PLEASE REFER TO THE TRACE REPORT
      GENERATED AFTER PLACE-and-ROUTE.

Clock Information:
------------------
-----------------------------------+------------------------+-------+
Clock Signal                       | Clock buffer(FF name)  | Load  |
-----------------------------------+------------------------+-------+
Clk                                | BUFGP                  | 18    |
-----------------------------------+------------------------+-------+

Asynchronous Control Signals Information:
----------------------------------------
No asynchronous control signals found in this design

Timing Summary:
---------------
Speed Grade: -2

   Minimum period: 1.502ns (Maximum Frequency: 665.690MHz)
   Minimum input arrival time before clock: 1.324ns
   Maximum output required time after clock: 1.830ns
   Maximum combinational path delay: 0.923ns

Timing Details:
---------------
All values displayed in nanoseconds (ns)

=========================================================================
Timing constraint: Default period analysis for Clock 'Clk'
  Clock period: 1.502ns (frequency: 665.690MHz)
  Total number of paths / destination ports: 131 / 28
-------------------------------------------------------------------------
Delay:               1.502ns (Levels of Logic = 2)
  Source:            ShSeed_6 (FF)
  Destination:       ShSeed_0 (FF)
  Source Clock:      Clk rising
  Destination Clock: Clk rising

  Data Path: ShSeed_6 to ShSeed_0
                                Gate     Net
    Cell:in->out      fanout   Delay   Delay  Logical Name (Net Name)
    ----------------------------------------  ------------
     FDR:C->Q              3   0.317   0.706  ShSeed_6 (ShSeed_6)
     LUT5:I0->O            1   0.061   0.357  mux121 (ShSeed[6]_ShSeed[5]_mux_8_OUT<0>)
     LUT3:I2->O            1   0.061   0.000  ShSeed_0_rstpot (ShSeed_0_rstpot)
     FDR:D                    -0.002          ShSeed_0
    ----------------------------------------
    Total                      1.502ns (0.439ns logic, 1.063ns route)
                                       (29.2% logic, 70.8% route)

=========================================================================
Timing constraint: Default OFFSET IN BEFORE for Clock 'Clk'
  Total number of paths / destination ports: 37 / 36
-------------------------------------------------------------------------
Offset:              1.324ns (Levels of Logic = 3)
  Source:            Start (PAD)
  Destination:       ShSeed_0 (FF)
  Destination Clock: Clk rising

  Data Path: Start to ShSeed_0
                                Gate     Net
    Cell:in->out      fanout   Delay   Delay  Logical Name (Net Name)
    ----------------------------------------  ------------
     IBUF:I->O             9   0.003   0.739  Start_IBUF (Start_IBUF)
     LUT5:I0->O            7   0.061   0.460  _n0088_inv1 (_n0088_inv)
     LUT3:I1->O            1   0.061   0.000  ShSeed_0_rstpot (ShSeed_0_rstpot)
     FDR:D                    -0.002          ShSeed_0
    ----------------------------------------
    Total                      1.324ns (0.125ns logic, 1.199ns route)
                                       (9.4% logic, 90.6% route)

=========================================================================
Timing constraint: Default OFFSET OUT AFTER for Clock 'Clk'
  Total number of paths / destination ports: 9 / 1
-------------------------------------------------------------------------
Offset:              1.830ns (Levels of Logic = 3)
  Source:            Counter_2 (FF)
  Destination:       y (PAD)
  Source Clock:      Clk rising

  Data Path: Counter_2 to y
                                Gate     Net
    Cell:in->out      fanout   Delay   Delay  Logical Name (Net Name)
    ----------------------------------------  ------------
     FDRE:C->Q             4   0.317   0.583  Counter_2 (Counter_2)
     LUT4:I0->O            8   0.061   0.465  Mmux_Seed[5]_Seed0[6]_mux_5_OUT111 (Mmux_Seed[5]_Seed0[6]_mux_5_OUT11)
     LUT6:I4->O            1   0.061   0.339  Mmux_y1 (y_OBUF)
     OBUF:I->O                 0.003          y_OBUF (y)
    ----------------------------------------
    Total                      1.830ns (0.442ns logic, 1.388ns route)
                                       (24.2% logic, 75.8% route)

=========================================================================
Timing constraint: Default path analysis
  Total number of paths / destination ports: 1 / 1
-------------------------------------------------------------------------
Delay:               0.923ns (Levels of Logic = 3)
  Source:            x (PAD)
  Destination:       y (PAD)

  Data Path: x to y
                                Gate     Net
    Cell:in->out      fanout   Delay   Delay  Logical Name (Net Name)
    ----------------------------------------  ------------
     IBUF:I->O             2   0.003   0.517  x_IBUF (x_IBUF)
     LUT6:I3->O            1   0.061   0.339  Mmux_y1 (y_OBUF)
     OBUF:I->O                 0.003          y_OBUF (y)
    ----------------------------------------
    Total                      0.923ns (0.067ns logic, 0.856ns route)
                                       (7.3% logic, 92.7% route)

=========================================================================

Cross Clock Domains Report:
--------------------------

Clock to Setup on destination clock Clk
---------------+---------+---------+---------+---------+
               | Src:Rise| Src:Fall| Src:Rise| Src:Fall|
Source Clock   |Dest:Rise|Dest:Rise|Dest:Fall|Dest:Fall|
---------------+---------+---------+---------+---------+
Clk            |    1.502|         |         |         |
---------------+---------+---------+---------+---------+

=========================================================================


Total REAL time to Xst completion: 6.00 secs
Total CPU time to Xst completion: 6.09 secs
 
--> 

Total memory usage is 4519032 kilobytes

Number of errors   :    0 (   0 filtered)
Number of warnings :    0 (   0 filtered)
Number of infos    :    1 (   0 filtered)

