Release 14.7 - xst P.20131013 (nt64)
Copyright (c) 1995-2013 Xilinx, Inc.  All rights reserved.
--> Parameter TMPDIR set to xst/projnav.tmp


Total REAL time to Xst completion: 0.00 secs
Total CPU time to Xst completion: 0.13 secs
 
--> Parameter xsthdpdir set to xst


Total REAL time to Xst completion: 0.00 secs
Total CPU time to Xst completion: 0.13 secs
 
--> Reading design: Receiver.prj

TABLE OF CONTENTS
  1) Synthesis Options Summary
  2) HDL Parsing
  3) HDL Elaboration
  4) HDL Synthesis
       4.1) HDL Synthesis Report
  5) Advanced HDL Synthesis
       5.1) Advanced HDL Synthesis Report
  6) Low Level Synthesis
  7) Partition Report
  8) Design Summary
       8.1) Primitive and Black Box Usage
       8.2) Device utilization summary
       8.3) Partition Resource Summary
       8.4) Timing Report
            8.4.1) Clock Information
            8.4.2) Asynchronous Control Signals Information
            8.4.3) Timing Summary
            8.4.4) Timing Details
            8.4.5) Cross Clock Domains Report


=========================================================================
*                      Synthesis Options Summary                        *
=========================================================================
---- Source Parameters
Input File Name                    : "Receiver.prj"
Ignore Synthesis Constraint File   : NO

---- Target Parameters
Output File Name                   : "Receiver"
Output Format                      : NGC
Target Device                      : xc6vcx75t-2-ff484

---- Source Options
Top Module Name                    : Receiver
Automatic FSM Extraction           : YES
FSM Encoding Algorithm             : Auto
Safe Implementation                : No
FSM Style                          : LUT
RAM Extraction                     : Yes
RAM Style                          : Auto
ROM Extraction                     : Yes
Shift Register Extraction          : YES
ROM Style                          : Auto
Resource Sharing                   : YES
Asynchronous To Synchronous        : NO
Shift Register Minimum Size        : 2
Use DSP Block                      : Auto
Automatic Register Balancing       : No

---- Target Options
LUT Combining                      : Auto
Reduce Control Sets                : Auto
Add IO Buffers                     : YES
Global Maximum Fanout              : 100000
Add Generic Clock Buffer(BUFG)     : 16
Register Duplication               : YES
Optimize Instantiated Primitives   : NO
Use Clock Enable                   : Auto
Use Synchronous Set                : Auto
Use Synchronous Reset              : Auto
Pack IO Registers into IOBs        : Auto
Equivalent register Removal        : YES

---- General Options
Optimization Goal                  : Speed
Optimization Effort                : 1
Power Reduction                    : NO
Keep Hierarchy                     : No
Netlist Hierarchy                  : As_Optimized
RTL Output                         : Yes
Global Optimization                : AllClockNets
Read Cores                         : YES
Write Timing Constraints           : NO
Cross Clock Analysis               : NO
Hierarchy Separator                : /
Bus Delimiter                      : <>
Case Specifier                     : Maintain
Slice Utilization Ratio            : 100
BRAM Utilization Ratio             : 100
DSP48 Utilization Ratio            : 100
Auto BRAM Packing                  : NO
Slice Utilization Ratio Delta      : 5

=========================================================================


=========================================================================
*                          HDL Parsing                                  *
=========================================================================
Analyzing Verilog file "D:\HW\FPGA\Project\Phase 1\Verilog\DeScrambler.v" into library work
Parsing module <DeScrambler>.
Analyzing Verilog file "D:\HW\FPGA\Project\Phase 1\Verilog\Receiver.v" into library work
Parsing module <Receiver>.

=========================================================================
*                            HDL Elaboration                            *
=========================================================================

Elaborating module <Receiver>.

Elaborating module <DeScrambler>.

=========================================================================
*                           HDL Synthesis                               *
=========================================================================

Synthesizing Unit <Receiver>.
    Related source file is "D:\HW\FPGA\Project\Phase 1\Verilog\Receiver.v".
    Found 12-bit register for signal <Length>.
    Found 13-bit register for signal <datalength>.
    Found 12-bit register for signal <Preamble>.
    Found 1-bit register for signal <y>.
    Found 11-bit register for signal <State>.
    Found 13-bit adder for signal <n0060> created at line 23.
    Found 13-bit adder for signal <endlength> created at line 23.
    Found 11-bit adder for signal <State[10]_GND_1_o_add_9_OUT> created at line 63.
    Found 13-bit adder for signal <datalength[12]_GND_1_o_add_10_OUT> created at line 65.
    Found 11-bit comparator greater for signal <GND_1_o_State[10]_LessThan_4_o> created at line 36
    Found 11-bit comparator greater for signal <GND_1_o_State[10]_LessThan_5_o> created at line 46
    Found 11-bit comparator greater for signal <State[10]_GND_1_o_LessThan_6_o> created at line 46
    Found 11-bit comparator greater for signal <GND_1_o_State[10]_LessThan_14_o> created at line 66
    Summary:
	inferred   4 Adder/Subtractor(s).
	inferred  49 D-type flip-flop(s).
	inferred   4 Comparator(s).
	inferred   1 Multiplexer(s).
Unit <Receiver> synthesized.

Synthesizing Unit <DeScrambler>.
    Related source file is "D:\HW\FPGA\Project\Phase 1\Verilog\DeScrambler.v".
    Found 4-bit register for signal <Counter>.
    Found 1-bit register for signal <f>.
    Found 7-bit register for signal <ShSeed>.
    Found 4-bit adder for signal <Counter[3]_GND_2_o_add_5_OUT> created at line 35.
    Found 4-bit comparator greater for signal <GND_2_o_Counter[3]_LessThan_1_o> created at line 18
    Summary:
	inferred   1 Adder/Subtractor(s).
	inferred  12 D-type flip-flop(s).
	inferred   1 Comparator(s).
	inferred   3 Multiplexer(s).
Unit <DeScrambler> synthesized.

=========================================================================
HDL Synthesis Report

Macro Statistics
# Adders/Subtractors                                   : 5
 11-bit adder                                          : 1
 13-bit adder                                          : 3
 4-bit adder                                           : 1
# Registers                                            : 8
 1-bit register                                        : 2
 11-bit register                                       : 1
 12-bit register                                       : 2
 13-bit register                                       : 1
 4-bit register                                        : 1
 7-bit register                                        : 1
# Comparators                                          : 5
 11-bit comparator greater                             : 4
 4-bit comparator greater                              : 1
# Multiplexers                                         : 4
 1-bit 2-to-1 multiplexer                              : 4
# Xors                                                 : 3
 1-bit xor2                                            : 2
 16-bit xor2                                           : 1

=========================================================================

=========================================================================
*                       Advanced HDL Synthesis                          *
=========================================================================


Synthesizing (advanced) Unit <DeScrambler>.
The following registers are absorbed into counter <Counter>: 1 register on signal <Counter>.
Unit <DeScrambler> synthesized (advanced).

Synthesizing (advanced) Unit <Receiver>.
The following registers are absorbed into counter <State>: 1 register on signal <State>.
The following registers are absorbed into counter <datalength>: 1 register on signal <datalength>.
Unit <Receiver> synthesized (advanced).

=========================================================================
Advanced HDL Synthesis Report

Macro Statistics
# Adders/Subtractors                                   : 2
 13-bit adder                                          : 2
# Counters                                             : 3
 11-bit up counter                                     : 1
 13-bit up counter                                     : 1
 4-bit up counter                                      : 1
# Registers                                            : 33
 Flip-Flops                                            : 33
# Comparators                                          : 5
 11-bit comparator greater                             : 4
 4-bit comparator greater                              : 1
# Multiplexers                                         : 2
 1-bit 2-to-1 multiplexer                              : 2
# Xors                                                 : 3
 1-bit xor2                                            : 2
 16-bit xor2                                           : 1

=========================================================================

=========================================================================
*                         Low Level Synthesis                           *
=========================================================================

Optimizing unit <Receiver> ...

Optimizing unit <DeScrambler> ...
INFO:Xst:2261 - The FF/Latch <descrambler/Counter_3> in Unit <Receiver> is equivalent to the following FF/Latch, which will be removed : <descrambler/f> 
INFO:Xst:2261 - The FF/Latch <datalength_1> in Unit <Receiver> is equivalent to the following FF/Latch, which will be removed : <State_1> 
INFO:Xst:2261 - The FF/Latch <datalength_2> in Unit <Receiver> is equivalent to the following FF/Latch, which will be removed : <State_2> 

Mapping all equations...
Building and optimizing final netlist ...
Found area constraint ratio of 100 (+ 5) on block Receiver, actual ratio is 0.

Final Macro Processing ...

=========================================================================
Final Register Report

Macro Statistics
# Registers                                            : 58
 Flip-Flops                                            : 58

=========================================================================

=========================================================================
*                           Partition Report                            *
=========================================================================

Partition Implementation Status
-------------------------------

  No Partitions were found in this design.

-------------------------------

=========================================================================
*                            Design Summary                             *
=========================================================================

Top Level Output File Name         : Receiver.ngc

Primitive and Black Box Usage:
------------------------------
# BELS                             : 176
#      GND                         : 1
#      INV                         : 2
#      LUT1                        : 22
#      LUT2                        : 18
#      LUT3                        : 4
#      LUT4                        : 24
#      LUT5                        : 15
#      LUT6                        : 44
#      MUXCY                       : 22
#      MUXF7                       : 1
#      VCC                         : 1
#      XORCY                       : 22
# FlipFlops/Latches                : 58
#      FD                          : 45
#      FDR                         : 9
#      FDRE                        : 4
# Clock Buffers                    : 1
#      BUFGP                       : 1
# IO Buffers                       : 6
#      IBUF                        : 5
#      OBUF                        : 1

Device utilization summary:
---------------------------

Selected Device : 6vcx75tff484-2 


Slice Logic Utilization: 
 Number of Slice Registers:              58  out of  93120     0%  
 Number of Slice LUTs:                  129  out of  46560     0%  
    Number used as Logic:               129  out of  46560     0%  

Slice Logic Distribution: 
 Number of LUT Flip Flop pairs used:    129
   Number with an unused Flip Flop:      71  out of    129    55%  
   Number with an unused LUT:             0  out of    129     0%  
   Number of fully used LUT-FF pairs:    58  out of    129    44%  
   Number of unique control sets:         3

IO Utilization: 
 Number of IOs:                           7
 Number of bonded IOBs:                   7  out of    240     2%  

Specific Feature Utilization:
 Number of BUFG/BUFGCTRLs:                1  out of     32     3%  

---------------------------
Partition Resource Summary:
---------------------------

  No Partitions were found in this design.

---------------------------


=========================================================================
Timing Report

NOTE: THESE TIMING NUMBERS ARE ONLY A SYNTHESIS ESTIMATE.
      FOR ACCURATE TIMING INFORMATION PLEASE REFER TO THE TRACE REPORT
      GENERATED AFTER PLACE-and-ROUTE.

Clock Information:
------------------
-----------------------------------+------------------------+-------+
Clock Signal                       | Clock buffer(FF name)  | Load  |
-----------------------------------+------------------------+-------+
Clk                                | BUFGP                  | 58    |
-----------------------------------+------------------------+-------+

Asynchronous Control Signals Information:
----------------------------------------
No asynchronous control signals found in this design

Timing Summary:
---------------
Speed Grade: -2

   Minimum period: 3.045ns (Maximum Frequency: 328.380MHz)
   Minimum input arrival time before clock: 2.676ns
   Maximum output required time after clock: 0.659ns
   Maximum combinational path delay: No path found

Timing Details:
---------------
All values displayed in nanoseconds (ns)

=========================================================================
Timing constraint: Default period analysis for Clock 'Clk'
  Clock period: 3.045ns (frequency: 328.380MHz)
  Total number of paths / destination ports: 4916 / 75
-------------------------------------------------------------------------
Delay:               3.045ns (Levels of Logic = 5)
  Source:            State_6 (FF)
  Destination:       datalength_1 (FF)
  Source Clock:      Clk rising
  Destination Clock: Clk rising

  Data Path: State_6 to datalength_1
                                Gate     Net
    Cell:in->out      fanout   Delay   Delay  Logical Name (Net Name)
    ----------------------------------------  ------------
     FDR:C->Q              2   0.317   0.701  State_6 (State_6)
     LUT6:I0->O            6   0.061   0.385  GND_1_o_GND_1_o_AND_14_o111 (GND_1_o_GND_1_o_AND_14_o11)
     LUT6:I5->O            1   0.061   0.426  GND_1_o_GND_1_o_AND_14_o11 (GND_1_o_GND_1_o_AND_14_o1)
     LUT6:I4->O           13   0.061   0.425  _n00701_SW0 (N8)
     LUT6:I5->O           25   0.061   0.486  Mcount_datalength_val1 (Mcount_datalength_val)
     LUT2:I1->O            1   0.061   0.000  datalength_1_rstpot (datalength_1_rstpot)
     FD:D                     -0.002          datalength_1
    ----------------------------------------
    Total                      3.045ns (0.622ns logic, 2.423ns route)
                                       (20.4% logic, 79.6% route)

=========================================================================
Timing constraint: Default OFFSET IN BEFORE for Clock 'Clk'
  Total number of paths / destination ports: 761 / 58
-------------------------------------------------------------------------
Offset:              2.676ns (Levels of Logic = 6)
  Source:            num_pads<0> (PAD)
  Destination:       datalength_1 (FF)
  Destination Clock: Clk rising

  Data Path: num_pads<0> to datalength_1
                                Gate     Net
    Cell:in->out      fanout   Delay   Delay  Logical Name (Net Name)
    ----------------------------------------  ------------
     IBUF:I->O             2   0.003   0.571  num_pads_0_IBUF (num_pads_0_IBUF)
     LUT4:I0->O            3   0.061   0.369  Madd_endlength_cy<0>411 (Madd_endlength_cy<0>41)
     LUT4:I3->O            2   0.061   0.517  Madd_endlength_cy<0>41 (Madd_endlength_cy<0>3)
     LUT6:I3->O           13   0.061   0.425  _n00701_SW0 (N8)
     LUT6:I5->O           25   0.061   0.486  Mcount_datalength_val1 (Mcount_datalength_val)
     LUT2:I1->O            1   0.061   0.000  datalength_1_rstpot (datalength_1_rstpot)
     FD:D                     -0.002          datalength_1
    ----------------------------------------
    Total                      2.676ns (0.308ns logic, 2.368ns route)
                                       (11.5% logic, 88.5% route)

=========================================================================
Timing constraint: Default OFFSET OUT AFTER for Clock 'Clk'
  Total number of paths / destination ports: 1 / 1
-------------------------------------------------------------------------
Offset:              0.659ns (Levels of Logic = 1)
  Source:            y (FF)
  Destination:       y (PAD)
  Source Clock:      Clk rising

  Data Path: y to y
                                Gate     Net
    Cell:in->out      fanout   Delay   Delay  Logical Name (Net Name)
    ----------------------------------------  ------------
     FD:C->Q               1   0.317   0.339  y (y_OBUF)
     OBUF:I->O                 0.003          y_OBUF (y)
    ----------------------------------------
    Total                      0.659ns (0.320ns logic, 0.339ns route)
                                       (48.5% logic, 51.5% route)

=========================================================================

Cross Clock Domains Report:
--------------------------

Clock to Setup on destination clock Clk
---------------+---------+---------+---------+---------+
               | Src:Rise| Src:Fall| Src:Rise| Src:Fall|
Source Clock   |Dest:Rise|Dest:Rise|Dest:Fall|Dest:Fall|
---------------+---------+---------+---------+---------+
Clk            |    3.045|         |         |         |
---------------+---------+---------+---------+---------+

=========================================================================


Total REAL time to Xst completion: 6.00 secs
Total CPU time to Xst completion: 6.61 secs
 
--> 

Total memory usage is 4519036 kilobytes

Number of errors   :    0 (   0 filtered)
Number of warnings :    0 (   0 filtered)
Number of infos    :    3 (   0 filtered)

