Running: C:\Xilinx\14.7\ISE_DS\ISE\bin\nt64\unwrapped\fuse.exe -intstyle ise -incremental -lib unisims_ver -lib unimacro_ver -lib xilinxcorelib_ver -lib secureip -o D:/HW/FPGA/Project/Phase4/Verilog/Main_tb_isim_beh.exe -prj D:/HW/FPGA/Project/Phase4/Verilog/Main_tb_beh.prj work.Main_tb work.glbl 
ISim P.20131013 (signature 0x7708f090)
Number of CPUs detected in this system: 8
Turning on mult-threading, number of parallel sub-compilation jobs: 16 
Determining compilation order of HDL files
Analyzing Verilog file "D:/HW/FPGA/Project/Phase4/Verilog/Scrambler.v" into library work
Analyzing Verilog file "D:/HW/FPGA/Project/Phase4/Verilog/Interleaver.v" into library work
Analyzing Verilog file "D:/HW/FPGA/Project/Phase4/Verilog/Encoder.v" into library work
Analyzing Verilog file "D:/HW/FPGA/Project/Phase4/Verilog/DeScrambler.v" into library work
Analyzing Verilog file "D:/HW/FPGA/Project/Phase4/Verilog/DeInterleaver.v" into library work
Analyzing Verilog file "D:/HW/FPGA/Project/Phase4/Verilog/Decoder_Viterbi.v" into library work
Analyzing Verilog file "D:/HW/FPGA/Project/Phase4/Verilog/Transmitter_2.v" into library work
Analyzing Verilog file "D:/HW/FPGA/Project/Phase4/Verilog/Receiver_2.v" into library work
Analyzing Verilog file "D:/HW/FPGA/Project/Phase4/Verilog/Main.v" into library work
Analyzing Verilog file "D:/HW/FPGA/Project/Phase4/Verilog/Main_tb.v" into library work
Analyzing Verilog file "C:/Xilinx/14.7/ISE_DS/ISE//verilog/src/glbl.v" into library work
Starting static elaboration
Completed static elaboration
Compiling module Decoder_Viterbi_default
Compiling module DeInterleaver
Compiling module DeScrambler
Compiling module Receiver_2
Compiling module Scrambler
Compiling module Encoder
Compiling module Interleaver
Compiling module Transmitter_2
Compiling module Main
Compiling module Main_tb
Compiling module glbl
Time Resolution for simulation is 1ps.
Waiting for 1 sub-compilation(s) to finish...
Compiled 11 Verilog Units
Built simulation executable D:/HW/FPGA/Project/Phase4/Verilog/Main_tb_isim_beh.exe
Fuse Memory Usage: 28552 KB
Fuse CPU Usage: 453 ms
