Release 14.7 - xst P.20131013 (nt64)
Copyright (c) 1995-2013 Xilinx, Inc.  All rights reserved.
--> Parameter TMPDIR set to xst/projnav.tmp


Total REAL time to Xst completion: 0.00 secs
Total CPU time to Xst completion: 0.11 secs
 
--> Parameter xsthdpdir set to xst


Total REAL time to Xst completion: 0.00 secs
Total CPU time to Xst completion: 0.11 secs
 
--> Reading design: Scrambler.prj

TABLE OF CONTENTS
  1) Synthesis Options Summary
  2) HDL Parsing
  3) HDL Elaboration
  4) HDL Synthesis
       4.1) HDL Synthesis Report
  5) Advanced HDL Synthesis
       5.1) Advanced HDL Synthesis Report
  6) Low Level Synthesis
  7) Partition Report
  8) Design Summary
       8.1) Primitive and Black Box Usage
       8.2) Device utilization summary
       8.3) Partition Resource Summary
       8.4) Timing Report
            8.4.1) Clock Information
            8.4.2) Asynchronous Control Signals Information
            8.4.3) Timing Summary
            8.4.4) Timing Details
            8.4.5) Cross Clock Domains Report


=========================================================================
*                      Synthesis Options Summary                        *
=========================================================================
---- Source Parameters
Input File Name                    : "Scrambler.prj"
Ignore Synthesis Constraint File   : NO

---- Target Parameters
Output File Name                   : "Scrambler"
Output Format                      : NGC
Target Device                      : xc6vcx75t-2-ff484

---- Source Options
Top Module Name                    : Scrambler
Automatic FSM Extraction           : YES
FSM Encoding Algorithm             : Auto
Safe Implementation                : No
FSM Style                          : LUT
RAM Extraction                     : Yes
RAM Style                          : Auto
ROM Extraction                     : Yes
Shift Register Extraction          : YES
ROM Style                          : Auto
Resource Sharing                   : YES
Asynchronous To Synchronous        : NO
Shift Register Minimum Size        : 2
Use DSP Block                      : Auto
Automatic Register Balancing       : No

---- Target Options
LUT Combining                      : Auto
Reduce Control Sets                : Auto
Add IO Buffers                     : YES
Global Maximum Fanout              : 100000
Add Generic Clock Buffer(BUFG)     : 32
Register Duplication               : YES
Optimize Instantiated Primitives   : NO
Use Clock Enable                   : Auto
Use Synchronous Set                : Auto
Use Synchronous Reset              : Auto
Pack IO Registers into IOBs        : Auto
Equivalent register Removal        : YES

---- General Options
Optimization Goal                  : Speed
Optimization Effort                : 1
Power Reduction                    : NO
Keep Hierarchy                     : No
Netlist Hierarchy                  : As_Optimized
RTL Output                         : Yes
Global Optimization                : AllClockNets
Read Cores                         : YES
Write Timing Constraints           : NO
Cross Clock Analysis               : NO
Hierarchy Separator                : /
Bus Delimiter                      : <>
Case Specifier                     : Maintain
Slice Utilization Ratio            : 100
BRAM Utilization Ratio             : 100
DSP48 Utilization Ratio            : 100
Auto BRAM Packing                  : NO
Slice Utilization Ratio Delta      : 5

=========================================================================


=========================================================================
*                          HDL Parsing                                  *
=========================================================================
Analyzing Verilog file "D:\HW\FPGA\Project\Phase 1\Verilog\Scrambler.v" into library work
Parsing module <Scrambler>.

=========================================================================
*                            HDL Elaboration                            *
=========================================================================

Elaborating module <Scrambler>.

=========================================================================
*                           HDL Synthesis                               *
=========================================================================

Synthesizing Unit <Scrambler>.
    Related source file is "D:\HW\FPGA\Project\Phase 1\Verilog\Scrambler.v".
    Found 7-bit register for signal <Counter>.
    Found 7-bit register for signal <ShSeed>.
    Found 7-bit adder for signal <Counter[6]_GND_1_o_add_3_OUT> created at line 26.
    Summary:
	inferred   1 Adder/Subtractor(s).
	inferred  14 D-type flip-flop(s).
	inferred   2 Multiplexer(s).
Unit <Scrambler> synthesized.

=========================================================================
HDL Synthesis Report

Macro Statistics
# Adders/Subtractors                                   : 1
 7-bit adder                                           : 1
# Registers                                            : 2
 7-bit register                                        : 2
# Multiplexers                                         : 2
 7-bit 2-to-1 multiplexer                              : 2
# Xors                                                 : 2
 1-bit xor2                                            : 2

=========================================================================

=========================================================================
*                       Advanced HDL Synthesis                          *
=========================================================================


Synthesizing (advanced) Unit <Scrambler>.
The following registers are absorbed into counter <Counter>: 1 register on signal <Counter>.
Unit <Scrambler> synthesized (advanced).

=========================================================================
Advanced HDL Synthesis Report

Macro Statistics
# Counters                                             : 1
 7-bit up counter                                      : 1
# Registers                                            : 7
 Flip-Flops                                            : 7
# Multiplexers                                         : 8
 1-bit 2-to-1 multiplexer                              : 7
 7-bit 2-to-1 multiplexer                              : 1
# Xors                                                 : 2
 1-bit xor2                                            : 2

=========================================================================

=========================================================================
*                         Low Level Synthesis                           *
=========================================================================

Optimizing unit <Scrambler> ...

Mapping all equations...
Building and optimizing final netlist ...
Found area constraint ratio of 100 (+ 5) on block Scrambler, actual ratio is 0.

Final Macro Processing ...

=========================================================================
Final Register Report

Macro Statistics
# Registers                                            : 14
 Flip-Flops                                            : 14

=========================================================================

=========================================================================
*                           Partition Report                            *
=========================================================================

Partition Implementation Status
-------------------------------

  No Partitions were found in this design.

-------------------------------

=========================================================================
*                            Design Summary                             *
=========================================================================

Top Level Output File Name         : Scrambler.ngc

Primitive and Black Box Usage:
------------------------------
# BELS                             : 19
#      INV                         : 1
#      LUT2                        : 2
#      LUT3                        : 3
#      LUT4                        : 2
#      LUT5                        : 3
#      LUT6                        : 8
# FlipFlops/Latches                : 14
#      FD                          : 7
#      FDR                         : 7
# Clock Buffers                    : 1
#      BUFGP                       : 1
# IO Buffers                       : 10
#      IBUF                        : 9
#      OBUF                        : 1

Device utilization summary:
---------------------------

Selected Device : 6vcx75tff484-2 


Slice Logic Utilization: 
 Number of Slice Registers:              14  out of  93120     0%  
 Number of Slice LUTs:                   19  out of  46560     0%  
    Number used as Logic:                19  out of  46560     0%  

Slice Logic Distribution: 
 Number of LUT Flip Flop pairs used:     19
   Number with an unused Flip Flop:       5  out of     19    26%  
   Number with an unused LUT:             0  out of     19     0%  
   Number of fully used LUT-FF pairs:    14  out of     19    73%  
   Number of unique control sets:         2

IO Utilization: 
 Number of IOs:                          11
 Number of bonded IOBs:                  11  out of    240     4%  

Specific Feature Utilization:
 Number of BUFG/BUFGCTRLs:                1  out of     32     3%  

---------------------------
Partition Resource Summary:
---------------------------

  No Partitions were found in this design.

---------------------------


=========================================================================
Timing Report

NOTE: THESE TIMING NUMBERS ARE ONLY A SYNTHESIS ESTIMATE.
      FOR ACCURATE TIMING INFORMATION PLEASE REFER TO THE TRACE REPORT
      GENERATED AFTER PLACE-and-ROUTE.

Clock Information:
------------------
-----------------------------------+------------------------+-------+
Clock Signal                       | Clock buffer(FF name)  | Load  |
-----------------------------------+------------------------+-------+
Clk                                | BUFGP                  | 14    |
-----------------------------------+------------------------+-------+

Asynchronous Control Signals Information:
----------------------------------------
No asynchronous control signals found in this design

Timing Summary:
---------------
Speed Grade: -2

   Minimum period: 1.513ns (Maximum Frequency: 660.829MHz)
   Minimum input arrival time before clock: 0.830ns
   Maximum output required time after clock: 1.244ns
   Maximum combinational path delay: 0.763ns

Timing Details:
---------------
All values displayed in nanoseconds (ns)

=========================================================================
Timing constraint: Default period analysis for Clock 'Clk'
  Clock period: 1.513ns (frequency: 660.829MHz)
  Total number of paths / destination ports: 85 / 14
-------------------------------------------------------------------------
Delay:               1.513ns (Levels of Logic = 2)
  Source:            Counter_4 (FF)
  Destination:       Counter_6 (FF)
  Source Clock:      Clk rising
  Destination Clock: Clk rising

  Data Path: Counter_4 to Counter_6
                                Gate     Net
    Cell:in->out      fanout   Delay   Delay  Logical Name (Net Name)
    ----------------------------------------  ------------
     FDR:C->Q              5   0.317   0.717  Counter_4 (Counter_4)
     LUT5:I0->O            1   0.061   0.357  Mcount_Counter_cy<4>11 (Mcount_Counter_cy<4>)
     LUT3:I2->O            1   0.061   0.000  Mcount_Counter_xor<6>11 (Result<6>)
     FDR:D                    -0.002          Counter_6
    ----------------------------------------
    Total                      1.513ns (0.439ns logic, 1.074ns route)
                                       (29.0% logic, 71.0% route)

=========================================================================
Timing constraint: Default OFFSET IN BEFORE for Clock 'Clk'
  Total number of paths / destination ports: 21 / 14
-------------------------------------------------------------------------
Offset:              0.830ns (Levels of Logic = 2)
  Source:            Reset (PAD)
  Destination:       ShSeed_0 (FF)
  Destination Clock: Clk rising

  Data Path: Reset to ShSeed_0
                                Gate     Net
    Cell:in->out      fanout   Delay   Delay  Logical Name (Net Name)
    ----------------------------------------  ------------
     IBUF:I->O            14   0.003   0.766  Reset_IBUF (Reset_IBUF)
     LUT6:I1->O            1   0.061   0.000  Mmux_Seed[6]_Seed[6]_mux_4_OUT71 (Seed[6]_Seed[6]_mux_4_OUT<6>)
     FD:D                     -0.002          ShSeed_6
    ----------------------------------------
    Total                      0.830ns (0.064ns logic, 0.766ns route)
                                       (7.7% logic, 92.3% route)

=========================================================================
Timing constraint: Default OFFSET OUT AFTER for Clock 'Clk'
  Total number of paths / destination ports: 2 / 1
-------------------------------------------------------------------------
Offset:              1.244ns (Levels of Logic = 2)
  Source:            ShSeed_3 (FF)
  Destination:       y (PAD)
  Source Clock:      Clk rising

  Data Path: ShSeed_3 to y
                                Gate     Net
    Cell:in->out      fanout   Delay   Delay  Logical Name (Net Name)
    ----------------------------------------  ------------
     FD:C->Q               3   0.317   0.524  ShSeed_3 (ShSeed_3)
     LUT3:I0->O            1   0.061   0.339  Mxor_y_xo<0>1 (y_OBUF)
     OBUF:I->O                 0.003          y_OBUF (y)
    ----------------------------------------
    Total                      1.244ns (0.381ns logic, 0.863ns route)
                                       (30.6% logic, 69.4% route)

=========================================================================
Timing constraint: Default path analysis
  Total number of paths / destination ports: 1 / 1
-------------------------------------------------------------------------
Delay:               0.763ns (Levels of Logic = 3)
  Source:            x (PAD)
  Destination:       y (PAD)

  Data Path: x to y
                                Gate     Net
    Cell:in->out      fanout   Delay   Delay  Logical Name (Net Name)
    ----------------------------------------  ------------
     IBUF:I->O             1   0.003   0.357  x_IBUF (x_IBUF)
     LUT3:I2->O            1   0.061   0.339  Mxor_y_xo<0>1 (y_OBUF)
     OBUF:I->O                 0.003          y_OBUF (y)
    ----------------------------------------
    Total                      0.763ns (0.067ns logic, 0.696ns route)
                                       (8.8% logic, 91.2% route)

=========================================================================

Cross Clock Domains Report:
--------------------------

Clock to Setup on destination clock Clk
---------------+---------+---------+---------+---------+
               | Src:Rise| Src:Fall| Src:Rise| Src:Fall|
Source Clock   |Dest:Rise|Dest:Rise|Dest:Fall|Dest:Fall|
---------------+---------+---------+---------+---------+
Clk            |    1.513|         |         |         |
---------------+---------+---------+---------+---------+

=========================================================================


Total REAL time to Xst completion: 7.00 secs
Total CPU time to Xst completion: 6.81 secs
 
--> 

Total memory usage is 4519032 kilobytes

Number of errors   :    0 (   0 filtered)
Number of warnings :    0 (   0 filtered)
Number of infos    :    0 (   0 filtered)

